<?xml version="1.0" encoding="UTF-8"?>
<!-- Generated by org.testng.reporters.JUnitReportReporter -->
<testsuite hostname="LAPTOP-RNTFED1U" failures="0" tests="1" name="Mindtree.E2EProject.validateNavigationBar" time="0.078" errors="0" timestamp="2021-12-31T12:34:12 IST" skipped="0">
  <testcase classname="Mindtree.E2EProject.validateNavigationBar" name="basePageNavigation" time="0.078"/>
  <system-out/>
</testsuite> <!-- Mindtree.E2EProject.validateNavigationBar -->
