<?xml version="1.0" encoding="UTF-8"?>
<!-- Generated by org.testng.reporters.JUnitReportReporter -->
<testsuite hostname="LAPTOP-RNTFED1U" failures="0" tests="2" name="Mindtree.E2EProject.HomePage" time="8.989" errors="0" timestamp="2021-12-31T12:34:12 IST" skipped="0">
  <testcase classname="Mindtree.E2EProject.HomePage" name="basePageNavigation" time="1.783"/>
  <system-out/>
  <testcase classname="Mindtree.E2EProject.HomePage" name="basePageNavigation" time="7.206"/>
  <system-out/>
</testsuite> <!-- Mindtree.E2EProject.HomePage -->
